<?xml version="1.0" encoding="UTF-8"?>
<!-- Generated by org.testng.reporters.JUnitXMLReporter -->
<testsuite ignored="0" hostname="DESKTOP-LRFGOJA" failures="0" tests="3" name="Test" time="152.764" errors="0" timestamp="2021-11-11T20:56:02 ICT">
  <testcase classname="Test.TestCheckboxShouldBeCheckedOnOneClick" name="CheckboxShouldBeCheckedAfterOneClick" time="3.139"/>
  <testcase classname="Test.TestCheckboxShouldBeUncheckedAfterTwoClick" name="CheckboxShouldBeUncheckedAfterTwoClick" time="4.773"/>
  <testcase classname="Test.TestAllAppListsMustBeLargerThanDownloadAppLists" name="systemAppCount" time="91.251"/>
</testsuite> <!-- Test -->
